<?xml version="1.0" encoding="UTF-8"?>
<!-- Generated by org.testng.reporters.JUnitReportReporter -->
<testsuite hostname="DESKTOP-NB5U873" failures="0" tests="3" name="org.tyba.tests.LendCalculatorTest" time="8.236" errors="0" timestamp="2020-10-17T14:52:53 COT" skipped="0">
  <testcase classname="org.tyba.tests.LendCalculatorTest" name="calculateLoanWithDefaultData" time="2.730"/>
  <testcase classname="org.tyba.tests.LendCalculatorTest" name="checkMontlyIncomeRequired" time="2.612"/>
  <testcase classname="org.tyba.tests.LendCalculatorTest" name="checkUserCanProcessCredit" time="2.894"/>
</testsuite> <!-- org.tyba.tests.LendCalculatorTest -->
