<?xml version="1.0" encoding="UTF-8"?>
<!-- Generated by org.testng.reporters.JUnitReportReporter -->
<testsuite hostname="DESKTOP-NB5U873" failures="0" tests="3" name="org.tyba.tests.QuotaLoanCalculationTests" time="8.440" errors="0" timestamp="2020-10-17T14:54:05 COT" skipped="0">
  <testcase classname="org.tyba.tests.QuotaLoanCalculationTests" name="calculateQuotaWithDefaultData" time="2.781"/>
  <testcase classname="org.tyba.tests.QuotaLoanCalculationTests" name="checCreditValueRequired" time="2.761"/>
  <testcase classname="org.tyba.tests.QuotaLoanCalculationTests" name="checkUserCanProcessCredit" time="2.898"/>
</testsuite> <!-- org.tyba.tests.QuotaLoanCalculationTests -->
