<?xml version="1.0" encoding="UTF-8"?>
<!-- Generated by org.testng.reporters.JUnitReportReporter -->
<testsuite hostname="DESKTOP-NB5U873" failures="0" tests="3" name="org.tyba.tests.loanCalculator" time="7.775" errors="0" timestamp="2020-10-17T14:25:55 COT" skipped="0">
  <testcase classname="org.tyba.tests.loanCalculator" name="calculateLoanWithDefaultData" time="2.696"/>
  <testcase classname="org.tyba.tests.loanCalculator" name="checkMontlyIncomeRequired" time="2.273"/>
  <testcase classname="org.tyba.tests.loanCalculator" name="checkUserCanProcessCredit" time="2.806"/>
</testsuite> <!-- org.tyba.tests.loanCalculator -->
